Using pre-set license
Built from '2021.3/staging' branch; Version is '2021.3.9f1 (ad3870b89536) revision 11352176'; Using compiler version '192829333'; Build Type 'Release'
OS: 'Windows 11  (10.0.22000) 64bit Core' Language: 'en' Physical Memory: 16147 MB
BatchMode: 1, IsHumanControllingUs: 0, StartBugReporterOnCrash: 0, Is64bit: 1, IsPro: 1

COMMAND LINE ARGUMENTS:
C:\Program Files\Unity\Hub\Editor\2021.3.9f1\Editor\Unity.exe
-adb2
-batchMode
-noUpm
-name
AssetImportWorker2
-projectPath
C:/Game 312/Bobblehead War/Lab 1 - Bobblehead War
-logFile
Logs/AssetImportWorker2.log
-srvPort
58004
Successfully changed project path to: C:/Game 312/Bobblehead War/Lab 1 - Bobblehead War
C:/Game 312/Bobblehead War/Lab 1 - Bobblehead War
[UnityMemory] Configuration Parameters - Can be set up in boot.config
    "memorysetup-bucket-allocator-granularity=16"
    "memorysetup-bucket-allocator-bucket-count=8"
    "memorysetup-bucket-allocator-block-size=33554432"
    "memorysetup-bucket-allocator-block-count=8"
    "memorysetup-main-allocator-block-size=16777216"
    "memorysetup-thread-allocator-block-size=16777216"
    "memorysetup-gfx-main-allocator-block-size=16777216"
    "memorysetup-gfx-thread-allocator-block-size=16777216"
    "memorysetup-cache-allocator-block-size=4194304"
    "memorysetup-typetree-allocator-block-size=2097152"
    "memorysetup-profiler-bucket-allocator-granularity=16"
    "memorysetup-profiler-bucket-allocator-bucket-count=8"
    "memorysetup-profiler-bucket-allocator-block-size=33554432"
    "memorysetup-profiler-bucket-allocator-block-count=8"
    "memorysetup-profiler-allocator-block-size=16777216"
    "memorysetup-profiler-editor-allocator-block-size=1048576"
    "memorysetup-temp-allocator-size-main=16777216"
    "memorysetup-job-temp-allocator-block-size=2097152"
    "memorysetup-job-temp-allocator-block-size-background=1048576"
    "memorysetup-job-temp-allocator-reduction-small-platforms=262144"
    "memorysetup-temp-allocator-size-background-worker=32768"
    "memorysetup-temp-allocator-size-job-worker=262144"
    "memorysetup-temp-allocator-size-preload-manager=33554432"
    "memorysetup-temp-allocator-size-nav-mesh-worker=65536"
    "memorysetup-temp-allocator-size-audio-worker=65536"
    "memorysetup-temp-allocator-size-cloud-worker=32768"
    "memorysetup-temp-allocator-size-gi-baking-worker=262144"
    "memorysetup-temp-allocator-size-gfx=262144"
Refreshing native plugins compatible for Editor in 59.70 ms, found 3 plugins.
Preloading 0 native plugins for Editor in 0.00 ms.
Initialize engine version: 2021.3.9f1 (ad3870b89536)
[Subsystems] Discovering subsystems at path C:/Program Files/Unity/Hub/Editor/2021.3.9f1/Editor/Data/Resources/UnitySubsystems
[Subsystems] Discovering subsystems at path C:/Game 312/Bobblehead War/Lab 1 - Bobblehead War/Assets
GfxDevice: creating device client; threaded=0; jobified=0
Direct3D:
    Version:  Direct3D 11.0 [level 11.1]
    Renderer: NVIDIA GeForce RTX 3050 Laptop GPU (ID=0x25a2)
    Vendor:   NVIDIA
    VRAM:     3991 MB
    Driver:   27.21.14.6262
Initialize mono
Mono path[0] = 'C:/Program Files/Unity/Hub/Editor/2021.3.9f1/Editor/Data/Managed'
Mono path[1] = 'C:/Program Files/Unity/Hub/Editor/2021.3.9f1/Editor/Data/MonoBleedingEdge/lib/mono/unityjit-win32'
Mono config path = 'C:/Program Files/Unity/Hub/Editor/2021.3.9f1/Editor/Data/MonoBleedingEdge/etc'
Using monoOptions --debugger-agent=transport=dt_socket,embedding=1,server=y,suspend=n,address=127.0.0.1:56460
Begin MonoManager ReloadAssembly
Registering precompiled unity dll's ...
Register platform support module: C:/Program Files/Unity/Hub/Editor/2021.3.9f1/Editor/Data/PlaybackEngines/WindowsStandaloneSupport/UnityEditor.WindowsStandalone.Extensions.dll
Registered in 0.004482 seconds.
Native extension for WindowsStandalone target not found
Refreshing native plugins compatible for Editor in 62.63 ms, found 3 plugins.
Preloading 0 native plugins for Editor in 0.00 ms.
Mono: successfully reloaded assembly
- Completed reload, in  0.535 seconds
Domain Reload Profiling:
	ReloadAssembly (535ms)
		BeginReloadAssembly (56ms)
			ExecutionOrderSort (0ms)
			DisableScriptedObjects (0ms)
			BackupInstance (0ms)
			ReleaseScriptingObjects (0ms)
			CreateAndSetChildDomain (1ms)
		EndReloadAssembly (389ms)
			LoadAssemblies (54ms)
			RebuildTransferFunctionScriptingTraits (0ms)
			SetupTypeCache (85ms)
			ReleaseScriptCaches (0ms)
			RebuildScriptCaches (22ms)
			SetupLoadedEditorAssemblies (237ms)
				LogAssemblyErrors (0ms)
				InitializePlatformSupportModulesInManaged (6ms)
				SetLoadedEditorAssemblies (0ms)
				RefreshPlugins (63ms)
				BeforeProcessingInitializeOnLoad (1ms)
				ProcessInitializeOnLoadAttributes (128ms)
				ProcessInitializeOnLoadMethodAttributes (39ms)
				AfterProcessingInitializeOnLoad (0ms)
				EditorAssembliesLoaded (0ms)
			ExecutionOrderSort2 (0ms)
			AwakeInstancesAfterBackupRestoration (0ms)
Platform modules already initialized, skipping
Registering precompiled user dll's ...
Registered in 0.004372 seconds.
Begin MonoManager ReloadAssembly
Native extension for WindowsStandalone target not found
Refreshing native plugins compatible for Editor in 0.47 ms, found 3 plugins.
Preloading 0 native plugins for Editor in 0.00 ms.
Mono: successfully reloaded assembly
- Completed reload, in  0.777 seconds
Domain Reload Profiling:
	ReloadAssembly (778ms)
		BeginReloadAssembly (84ms)
			ExecutionOrderSort (0ms)
			DisableScriptedObjects (4ms)
			BackupInstance (0ms)
			ReleaseScriptingObjects (0ms)
			CreateAndSetChildDomain (16ms)
		EndReloadAssembly (605ms)
			LoadAssemblies (64ms)
			RebuildTransferFunctionScriptingTraits (0ms)
			SetupTypeCache (198ms)
			ReleaseScriptCaches (1ms)
			RebuildScriptCaches (39ms)
			SetupLoadedEditorAssemblies (273ms)
				LogAssemblyErrors (0ms)
				InitializePlatformSupportModulesInManaged (4ms)
				SetLoadedEditorAssemblies (0ms)
				RefreshPlugins (1ms)
				BeforeProcessingInitializeOnLoad (64ms)
				ProcessInitializeOnLoadAttributes (177ms)
				ProcessInitializeOnLoadMethodAttributes (22ms)
				AfterProcessingInitializeOnLoad (5ms)
				EditorAssembliesLoaded (0ms)
			ExecutionOrderSort2 (0ms)
			AwakeInstancesAfterBackupRestoration (4ms)
Platform modules already initialized, skipping
========================================================================
Worker process is ready to serve import requests
Launched and connected shader compiler UnityShaderCompiler.exe after 0.03 seconds
Refreshing native plugins compatible for Editor in 0.52 ms, found 3 plugins.
Preloading 0 native plugins for Editor in 0.00 ms.
Unloading 3382 Unused Serialized files (Serialized files now loaded: 0)
Unloading 25 unused Assets / (55.8 KB). Loaded Objects now: 3841.
Memory consumption went from 116.2 MB to 116.1 MB.
Total: 2.892500 ms (FindLiveObjects: 0.253600 ms CreateObjectMapping: 0.085700 ms MarkObjects: 2.486500 ms  DeleteObjects: 0.065900 ms)

AssetImportParameters requested are different than current active one (requested -> active):
  custom:video-decoder-ogg-theora: a1e56fd34408186e4bbccfd4996cb3dc -> 
  custom:container-muxer-webm: aa71ff27fc2769a1b78a27578f13a17b -> 
  custom:container-demuxer-webm: 4f35f7cbe854078d1ac9338744f61a02 -> 
  custom:video-encoder-webm-vp8: eb34c28f22e8b96e1ab97ce403110664 -> 
  custom:audio-encoder-webm-vorbis: bf7c407c2cedff20999df2af8eb42d56 -> 
  custom:framework-win-MediaFoundation: 216162199b28c13a410421893ffa2e32 -> 
  custom:container-demuxer-ogg: 62fdf1f143b41e24485cea50d1cbac27 -> 
  custom:video-decoder-webm-vp8: 9c59270c3fd7afecdb556c50c9e8de78 -> 
  custom:audio-decoder-ogg-vorbis: bf7c407c2cedff20999df2af8eb42d56 -> 
========================================================================
Received Import Request.
  Time since last request: 439669.610992 seconds.
  path: Assets/Models/BobbleEnemy-Body.blend
  artifactKey: Guid(7df968ec880694920bcb46964b9d62a4) Importer(815301076,1909f56bfc062723c751e8b465ee728b)
Start importing Assets/Models/BobbleEnemy-Body.blend using Guid(7df968ec880694920bcb46964b9d62a4) Importer(815301076,1909f56bfc062723c751e8b465ee728b)  -> (artifact id: '50d4e1cc338707b1e254436d910daa99') in 0.228030 seconds 
========================================================================
Received Import Request.
  Time since last request: 0.000027 seconds.
  path: Assets/Models/BobbleMarine-Head.fbx
  artifactKey: Guid(444048223d93b704c851859081695ef2) Importer(815301076,1909f56bfc062723c751e8b465ee728b)
Start importing Assets/Models/BobbleMarine-Head.fbx using Guid(444048223d93b704c851859081695ef2) Importer(815301076,1909f56bfc062723c751e8b465ee728b)  -> (artifact id: '326c599f94392c804e16f8b84b2445e2') in 0.066392 seconds 
========================================================================
Received Import Request.
  Time since last request: 7703.508988 seconds.
  path: Assets/Prefabs/AlienDeathParticles.prefab
  artifactKey: Guid(81ee2dd3cdadcf64a8e5b8815810c463) Importer(815301076,1909f56bfc062723c751e8b465ee728b)
Start importing Assets/Prefabs/AlienDeathParticles.prefab using Guid(81ee2dd3cdadcf64a8e5b8815810c463) Importer(815301076,1909f56bfc062723c751e8b465ee728b)  -> (artifact id: 'd0335468205cb44e5f97aa9836a44b36') in 0.157044 seconds 
========================================================================
Received Import Request.
  Time since last request: 4.532774 seconds.
  path: Assets/Prefabs/Alien.prefab
  artifactKey: Guid(f493e83ab5bc920429903cc382b83a0c) Importer(815301076,1909f56bfc062723c751e8b465ee728b)
Start importing Assets/Prefabs/Alien.prefab using Guid(f493e83ab5bc920429903cc382b83a0c) Importer(815301076,1909f56bfc062723c751e8b465ee728b)  -> (artifact id: 'd22923f54834e1c9c9d25eab48d717be') in 0.041132 seconds 
========================================================================
Received Import Request.
  Time since last request: 153.983094 seconds.
  path: Assets/Materials/Models/BobbleArena-Main Texture.mat
  artifactKey: Guid(2b3ab3d3f4ab7fb49afa4fdf096db597) Importer(815301076,1909f56bfc062723c751e8b465ee728b)
Start importing Assets/Materials/Models/BobbleArena-Main Texture.mat using Guid(2b3ab3d3f4ab7fb49afa4fdf096db597) Importer(815301076,1909f56bfc062723c751e8b465ee728b)  -> (artifact id: '5b188a3a20e52573b688b9be3b0146c2') in 0.035673 seconds 
========================================================================
Received Import Request.
  Time since last request: 0.009439 seconds.
  path: Assets/Materials/Models/BobbleArena-No Name.mat
  artifactKey: Guid(6bc50202ceb6f5448b9551d6f6ea848e) Importer(815301076,1909f56bfc062723c751e8b465ee728b)
Start importing Assets/Materials/Models/BobbleArena-No Name.mat using Guid(6bc50202ceb6f5448b9551d6f6ea848e) Importer(815301076,1909f56bfc062723c751e8b465ee728b)  -> (artifact id: 'ab117ea5569450708b71b8420fc7e9af') in 0.033865 seconds 
========================================================================
Received Import Request.
  Time since last request: 0.000019 seconds.
  path: Assets/Materials/Models/Material.mat
  artifactKey: Guid(c3fcc1592ce574ca1bc3ab68dc57efed) Importer(815301076,1909f56bfc062723c751e8b465ee728b)
Start importing Assets/Materials/Models/Material.mat using Guid(c3fcc1592ce574ca1bc3ab68dc57efed) Importer(815301076,1909f56bfc062723c751e8b465ee728b)  -> (artifact id: 'e382bfa0644ee1e040f80d92affd4945') in 0.025161 seconds 
========================================================================
Received Import Request.
  Time since last request: 0.000017 seconds.
  path: Assets/Materials/Models/BobbleEnemy-Head-Main Texture.mat
  artifactKey: Guid(d00558141d68a4039be132c31ed29a24) Importer(815301076,1909f56bfc062723c751e8b465ee728b)
Start importing Assets/Materials/Models/BobbleEnemy-Head-Main Texture.mat using Guid(d00558141d68a4039be132c31ed29a24) Importer(815301076,1909f56bfc062723c751e8b465ee728b)  -> (artifact id: 'bb545aab6981733032066e6c6cae61e7') in 0.025559 seconds 
========================================================================
Received Import Request.
  Time since last request: 0.000021 seconds.
  path: Assets/Materials/Models/Main_Texture.mat
  artifactKey: Guid(768b85136f52344269c9d3369fd72e18) Importer(815301076,1909f56bfc062723c751e8b465ee728b)
Start importing Assets/Materials/Models/Main_Texture.mat using Guid(768b85136f52344269c9d3369fd72e18) Importer(815301076,1909f56bfc062723c751e8b465ee728b)  -> (artifact id: '111bd07291f912a2f7654dda5da7ea1f') in 0.024789 seconds 
========================================================================
Received Import Request.
  Time since last request: 0.000025 seconds.
  path: Assets/Materials/Models/BobbleEnemy-Body-Main_Texture.mat
  artifactKey: Guid(a574e12c200cf41d188d9b8639bec4e7) Importer(815301076,1909f56bfc062723c751e8b465ee728b)
Start importing Assets/Materials/Models/BobbleEnemy-Body-Main_Texture.mat using Guid(a574e12c200cf41d188d9b8639bec4e7) Importer(815301076,1909f56bfc062723c751e8b465ee728b)  -> (artifact id: 'a02cda3a5ca685fff0a1be63c4ff68c6') in 0.022402 seconds 
========================================================================
Received Import Request.
  Time since last request: 0.000021 seconds.
  path: Assets/Materials/Models/Main_Material.mat
  artifactKey: Guid(2c41ffd075e1746d2904843f43d411c3) Importer(815301076,1909f56bfc062723c751e8b465ee728b)
Start importing Assets/Materials/Models/Main_Material.mat using Guid(2c41ffd075e1746d2904843f43d411c3) Importer(815301076,1909f56bfc062723c751e8b465ee728b)  -> (artifact id: '109cff70091b9331427359c1cf3eeb67') in 0.019430 seconds 
========================================================================
Received Import Request.
  Time since last request: 0.000029 seconds.
  path: Assets/Materials/Models/BobbleEnemy-Body-Main_Texture__Bobble_Wars_Enemy_texture_psd.mat
  artifactKey: Guid(cb2868aa28fed48a180aa6b2639100e5) Importer(815301076,1909f56bfc062723c751e8b465ee728b)
Start importing Assets/Materials/Models/BobbleEnemy-Body-Main_Texture__Bobble_Wars_Enemy_texture_psd.mat using Guid(cb2868aa28fed48a180aa6b2639100e5) Importer(815301076,1909f56bfc062723c751e8b465ee728b)  -> (artifact id: '6470e96ace3f632a1433b5b8d0c29771') in 0.027377 seconds 
Editor requested this worker to shutdown with reason: Scaling down because of idle timeout
AssetImportWorker is now disconnected from the server
Process exiting
Exiting without the bug reporter. Application will terminate with return code 0